<?xml version="1.0" encoding="UTF-8"?>
<!-- Generated by org.testng.reporters.JUnitXMLReporter -->
<testsuite hostname="LAPTOP-D47N5MN1" ignored="0" name="Test" tests="10" failures="0" timestamp="22 Mar 2018 18:40:12 GMT" time="0.055" errors="0">
  <testcase name="Test1" time="0.009" classname="testngex.second"/>
  <testcase name="Test10" time="0.001" classname="testngex.second"/>
  <testcase name="Test2" time="0.0" classname="testngex.second"/>
  <testcase name="Test3" time="0.001" classname="testngex.second"/>
  <testcase name="Test4" time="0.0" classname="testngex.second"/>
  <testcase name="Test5" time="0.001" classname="testngex.second"/>
  <testcase name="Test6" time="0.001" classname="testngex.second"/>
  <testcase name="Test7" time="0.0" classname="testngex.second"/>
  <testcase name="Test8" time="0.0" classname="testngex.second"/>
  <testcase name="Test9" time="0.001" classname="testngex.second"/>
</testsuite> <!-- Test -->
